# Training Log for Driver Drowsiness Detection

# Training started on: YYYY-MM-DD HH:MM:SS
# Initial learning rate: 0.001
# Batch size: 32
# Number of epochs: 50

# Epoch 1/50
# Training loss: 0.693
# Training accuracy: 0.520
# Validation loss: 0.680
# Validation accuracy: 0.540

# Epoch 2/50
# Training loss: 0.670
# Training accuracy: 0.580
# Validation loss: 0.650
# Validation accuracy: 0.600

# Epoch 3/50
# Training loss: 0.640
# Training accuracy: 0.620
# Validation loss: 0.620
# Validation accuracy: 0.650

# Epoch 4/50
# Training loss: 0.610
# Training accuracy: 0.670
# Validation loss: 0.590
# Validation accuracy: 0.700

# Epoch 5/50
# Training loss: 0.590
# Training accuracy: 0.700
# Validation loss: 0.570
# Validation accuracy: 0.720

# ... (continue logging for each epoch)

# Training completed on: YYYY-MM-DD HH:MM:SS
# Final training loss: X.XXX
# Final training accuracy: XX.XX%
# Final validation loss: X.XXX
# Final validation accuracy: XX.XX%